 command line:
   ./test_isim_beh.exe
     -intstyle  ise
     -ipchost  localhost
     -ipcport  54455

Mon Feb 25 22:48:35 2019

Total Line Count : 146

 Elaboration time : 0.015625 sec.

 Estimate current memory usage : 158.659 Meg. 

 Total Signals          : 24
 Total Nets             : 1359
 Total Signal Drivers   : 15
 Total Blocks           : 8
 Total Primitive Blocks : 1
 Total Processes        : 3
 Total Traceable Variables  : 1
 Total Scalar Nets and Variables : 1360
ntrace select -o on -n /test/clk 
ntrace select -o on -n /test/rst 
ntrace select -o on -n /test/enter 
ntrace select -o on -n /test/din 
ntrace select -o on -n /test/dout 
ntrace select -o on -n /test/inflags 
ntrace select -o on -n /test/outflags 
ntrace select -o on -n /test/done 
ntrace select -o on -n /test/UUT/state 
ntrace select -o on -n /test/UUT/ram 
ntrace select -o on -n /test/UUT/rom 
ntrace select -o on -n /test/UUT/pc 
ntrace select -o on -n /test/UUT/ir 
ntrace start 
isimrun 1000 ns 
Simulator is doing circuit initialization process.
Finished circuit initialization process.
restart
isimrun 40000 ns 
Simulator is doing circuit initialization process.
Finished circuit initialization process.
restart
isimrun 40000 ns 
Simulator is doing circuit initialization process.
Finished circuit initialization process.

 Simulation time 0.140625 sec.

 Estimate current memory usage : 164.557 Meg. 

Mon Feb 25 22:53:53 2019

